[2019-02-26 15:43:12]: 7f7c5c370740 info: Main: Starting Server...
[2019-02-26 15:43:12]: 7f7c5c370740 error: Main: Missing or malformed configuration file detected
[2019-02-26 15:43:12]: 7f70a1250740 info: Main: Starting Server...
[2019-02-26 15:43:12]: 7f70a1250740 error: Main: Missing or malformed configuration file detected
[2019-02-26 15:43:16]: 7f793e400740 info: Main: Starting Server...
[2019-02-26 15:43:16]: 7f793e400740 error: Main: Missing or malformed configuration file detected
[2019-02-26 15:43:16]: 7f7828e20740 info: Main: Starting Server...
[2019-02-26 15:43:16]: 7f7828e20740 error: Main: Missing or malformed configuration file detected
[2019-02-26 15:43:25]: 7f7fd2780740 info: Main: Starting Server...
[2019-02-26 15:43:25]: 7f7fd2780740 error: Main: Missing or malformed configuration file detected
[2019-02-26 15:43:25]: 7f9b428e0740 info: Main: Starting Server...
[2019-02-26 15:43:25]: 7f9b428e0740 error: Main: Missing or malformed configuration file detected
[2019-02-26 15:43:57]: 7f1500680740 info: Main: Starting Server...
[2019-02-26 15:43:57]: 7f1500680740 error: Main: Missing or malformed configuration file detected
[2019-02-26 15:43:57]: 7f45f8ba0740 info: Main: Starting Server...
[2019-02-26 15:43:57]: 7f45f8ba0740 error: Main: Missing or malformed configuration file detected
[2019-02-26 15:45:36]: 7f8379160740 info: Main: Starting Server...
[2019-02-26 15:45:36]: 7f8379160740 error: Main: Missing or malformed configuration file detected
[2019-02-26 15:45:36]: 7f9850af0740 info: Main: Starting Server...
[2019-02-26 15:45:36]: 7f9850af0740 error: Main: Missing or malformed configuration file detected
[2019-02-26 15:52:08]: 7f90642d0740 info: Main: Starting Server...
[2019-02-26 15:52:08]: 7f90642d0740 info: Main: Configuration Parsed Successfully.
[2019-02-26 15:52:08]: 7f90642d0740 info: Main: Setting up Server on Port 8080...
[2019-02-26 15:52:08]: 7f90642d0740 info: Server: Starting Acceptor...
[2019-02-26 15:52:24]: 7f90642d0740 info: Main: Server Shut Down.
[2019-02-26 15:52:24]: 7f3807b10740 info: Main: Starting Server...
[2019-02-26 15:52:24]: 7f3807b10740 info: Main: Configuration Parsed Successfully.
[2019-02-26 15:52:24]: 7f3807b10740 info: Main: Setting up Server on Port 8888...
[2019-02-26 15:52:24]: 7f3807b10740 info: Server: Starting Acceptor...
[2019-02-26 15:52:30]: 7f3807b10740 info: Main: Server Shut Down.
[2019-02-26 15:52:32]: 7f2681a50740 info: Main: Starting Server...
[2019-02-26 15:52:32]: 7f3f8db10740 info: Main: Starting Server...
[2019-02-26 15:52:32]: 7f2681a50740 info: Main: Configuration Parsed Successfully.
[2019-02-26 15:52:32]: 7f3f8db10740 info: Main: Configuration Parsed Successfully.
[2019-02-26 15:52:32]: 7f2681a50740 info: Main: Setting up Server on Port 8080...
[2019-02-26 15:52:32]: 7f3f8db10740 info: Main: Setting up Server on Port 8888...
[2019-02-26 15:52:32]: 7f2681a50740 info: Server: Starting Acceptor...
[2019-02-26 15:52:32]: 7f3f8db10740 info: Server: Starting Acceptor...
[2019-02-26 15:52:32]: 7f2681a50740 info: Session: IP: 127.0.0.1: Starting A New Session...
[2019-02-26 15:52:32]: 7f2681a50740 info: Server: Starting Acceptor...
[2019-02-26 15:52:32]: 7f2681a50740 info: Session: IP: 127.0.0.1: Starting A New Session...
[2019-02-26 15:52:32]: 7f2681a50740 info: Server: Starting Acceptor...
[2019-02-26 15:52:32]: 7f2681a50740 info: Main: Server Shut Down.
[2019-02-26 15:52:32]: 7f3f8db10740 info: Main: Server Shut Down.
[2019-02-26 16:00:49]: 7f7afc3f0740 info: Main: Starting Server...
[2019-02-26 16:00:49]: 7f7a278c0740 info: Main: Starting Server...
[2019-02-26 16:00:49]: 7f7afc3f0740 info: Main: Configuration Parsed Successfully.
[2019-02-26 16:00:49]: 7f7a278c0740 info: Main: Configuration Parsed Successfully.
[2019-02-26 16:00:49]: 7f7afc3f0740 info: Main: Setting up Server on Port 8080...
[2019-02-26 16:00:49]: 7f7a278c0740 info: Main: Setting up Server on Port 5000...
[2019-02-26 16:00:49]: 7f7afc3f0740 info: Server: Starting Acceptor...
[2019-02-26 16:00:49]: 7f7a278c0740 info: Server: Starting Acceptor...
[2019-02-26 16:00:49]: 7f7afc3f0740 info: Session: IP: 127.0.0.1: Starting A New Session...
[2019-02-26 16:00:49]: 7f7afc3f0740 info: Server: Starting Acceptor...
[2019-02-26 16:00:49]: 7f7afc3f0740 error: Main: Exception: resolve: Host not found (authoritative)
[2019-02-26 16:00:49]: 7f7a278c0740 info: Session: IP: 127.0.0.1: Starting A New Session...
[2019-02-26 16:00:49]: 7f7a278c0740 info: Server: Starting Acceptor...
[2019-02-26 16:00:49]: 7f7a278c0740 info: Main: Server Shut Down.
[2019-02-26 16:01:24]: 7f1cb5160740 info: Main: Starting Server...
[2019-02-26 16:01:24]: 7f391c380740 info: Main: Starting Server...
[2019-02-26 16:01:24]: 7f1cb5160740 info: Main: Configuration Parsed Successfully.
[2019-02-26 16:01:24]: 7f391c380740 info: Main: Configuration Parsed Successfully.
[2019-02-26 16:01:24]: 7f1cb5160740 info: Main: Setting up Server on Port 8080...
[2019-02-26 16:01:24]: 7f391c380740 info: Main: Setting up Server on Port 5000...
[2019-02-26 16:01:24]: 7f1cb5160740 info: Server: Starting Acceptor...
[2019-02-26 16:01:24]: 7f391c380740 info: Server: Starting Acceptor...
[2019-02-26 16:01:25]: 7f1cb5160740 info: Session: IP: 127.0.0.1: Starting A New Session...
[2019-02-26 16:01:25]: 7f1cb5160740 info: Server: Starting Acceptor...
[2019-02-26 16:01:25]: 7f1cb5160740 error: Main: Exception: resolve: Host not found (authoritative)
[2019-02-26 16:01:25]: 7f391c380740 info: Session: IP: 127.0.0.1: Starting A New Session...
[2019-02-26 16:01:25]: 7f391c380740 info: Server: Starting Acceptor...
[2019-02-26 16:01:25]: 7f391c380740 info: Main: Server Shut Down.
[2019-02-26 16:02:42]: 7f4e14650740 info: Main: Starting Server...
[2019-02-26 16:02:42]: 7f9d35960740 info: Main: Starting Server...
[2019-02-26 16:02:42]: 7f4e14650740 info: Main: Configuration Parsed Successfully.
[2019-02-26 16:02:42]: 7f9d35960740 info: Main: Configuration Parsed Successfully.
[2019-02-26 16:02:42]: 7f4e14650740 info: Main: Setting up Server on Port 8080...
[2019-02-26 16:02:42]: 7f9d35960740 info: Main: Setting up Server on Port 5000...
[2019-02-26 16:02:42]: 7f4e14650740 info: Server: Starting Acceptor...
[2019-02-26 16:02:42]: 7f9d35960740 info: Server: Starting Acceptor...
[2019-02-26 16:02:42]: 7f4e14650740 info: Session: IP: 127.0.0.1: Starting A New Session...
[2019-02-26 16:02:42]: 7f4e14650740 info: Server: Starting Acceptor...
[2019-02-26 16:02:42]: 7f4e14650740 error: Main: Exception: resolve: Host not found (authoritative)
[2019-02-26 16:02:42]: 7f9d35960740 info: Session: IP: 127.0.0.1: Starting A New Session...
[2019-02-26 16:02:42]: 7f9d35960740 info: Server: Starting Acceptor...
[2019-02-26 16:02:42]: 7f9d35960740 info: Main: Server Shut Down.
[2019-02-26 16:03:23]: 7ff375b40740 info: Main: Starting Server...
[2019-02-26 16:03:23]: 7f9b574b0740 info: Main: Starting Server...
[2019-02-26 16:03:23]: 7ff375b40740 info: Main: Configuration Parsed Successfully.
[2019-02-26 16:03:23]: 7f9b574b0740 info: Main: Configuration Parsed Successfully.
[2019-02-26 16:03:23]: 7ff375b40740 info: Main: Setting up Server on Port 8080...
[2019-02-26 16:03:23]: 7f9b574b0740 info: Main: Setting up Server on Port 5000...
[2019-02-26 16:03:23]: 7ff375b40740 info: Server: Starting Acceptor...
[2019-02-26 16:03:23]: 7f9b574b0740 info: Server: Starting Acceptor...
[2019-02-26 16:03:23]: 7ff375b40740 info: Session: IP: 127.0.0.1: Starting A New Session...
[2019-02-26 16:03:23]: 7ff375b40740 info: Server: Starting Acceptor...
[2019-02-26 16:03:23]: 7f9b574b0740 info: Session: IP: 127.0.0.1: Starting A New Session...
[2019-02-26 16:03:23]: 7f9b574b0740 info: Server: Starting Acceptor...
[2019-02-26 16:03:23]: 7ff375b40740 trace: EOF reached!
[2019-02-26 16:03:49]: 7f60bfd60740 info: Main: Starting Server...
[2019-02-26 16:03:49]: 7f6c892d0740 info: Main: Starting Server...
[2019-02-26 16:03:49]: 7f60bfd60740 info: Main: Configuration Parsed Successfully.
[2019-02-26 16:03:49]: 7f6c892d0740 info: Main: Configuration Parsed Successfully.
[2019-02-26 16:03:49]: 7f60bfd60740 info: Main: Setting up Server on Port 8080...
[2019-02-26 16:03:49]: 7f6c892d0740 info: Main: Setting up Server on Port 5000...
[2019-02-26 16:03:49]: 7f60bfd60740 info: Server: Starting Acceptor...
[2019-02-26 16:03:49]: 7f6c892d0740 info: Server: Starting Acceptor...
[2019-02-26 16:03:49]: 7f60bfd60740 info: Session: IP: 127.0.0.1: Starting A New Session...
[2019-02-26 16:03:49]: 7f60bfd60740 info: Server: Starting Acceptor...
[2019-02-26 16:03:49]: 7f6c892d0740 info: Session: IP: 127.0.0.1: Starting A New Session...
[2019-02-26 16:03:49]: 7f6c892d0740 info: Server: Starting Acceptor...
[2019-02-26 16:03:49]: 7f60bfd60740 trace: EOF reached!
[2019-02-26 16:04:11]: 7ffafcfc0740 info: Main: Starting Server...
[2019-02-26 16:04:11]: 7f5017300740 info: Main: Starting Server...
[2019-02-26 16:04:11]: 7ffafcfc0740 info: Main: Configuration Parsed Successfully.
[2019-02-26 16:04:11]: 7f5017300740 info: Main: Configuration Parsed Successfully.
[2019-02-26 16:04:11]: 7ffafcfc0740 info: Main: Setting up Server on Port 8080...
[2019-02-26 16:04:11]: 7f5017300740 info: Main: Setting up Server on Port 5000...
[2019-02-26 16:04:11]: 7ffafcfc0740 info: Server: Starting Acceptor...
[2019-02-26 16:04:11]: 7f5017300740 info: Server: Starting Acceptor...
[2019-02-26 16:04:11]: 7ffafcfc0740 info: Session: IP: 127.0.0.1: Starting A New Session...
[2019-02-26 16:04:11]: 7ffafcfc0740 info: Server: Starting Acceptor...
[2019-02-26 16:04:11]: 7f5017300740 info: Session: IP: 127.0.0.1: Starting A New Session...
[2019-02-26 16:04:11]: 7f5017300740 info: Server: Starting Acceptor...
[2019-02-26 16:04:11]: 7ffafcfc0740 trace: EOF reached!
[2019-02-26 16:12:23]: 7f2b0aca0740 info: Main: Starting Server...
[2019-02-26 16:12:23]: 7f4651720740 info: Main: Starting Server...
[2019-02-26 16:12:23]: 7f2b0aca0740 info: Main: Configuration Parsed Successfully.
[2019-02-26 16:12:23]: 7f4651720740 info: Main: Configuration Parsed Successfully.
[2019-02-26 16:12:23]: 7f2b0aca0740 info: Main: Setting up Server on Port 8080...
[2019-02-26 16:12:23]: 7f4651720740 info: Main: Setting up Server on Port 5000...
[2019-02-26 16:12:23]: 7f2b0aca0740 info: Server: Starting Acceptor...
[2019-02-26 16:12:23]: 7f4651720740 info: Server: Starting Acceptor...
[2019-02-26 16:12:23]: 7f2b0aca0740 info: Session: IP: 127.0.0.1: Starting A New Session...
[2019-02-26 16:12:23]: 7f2b0aca0740 info: Server: Starting Acceptor...
[2019-02-26 16:12:23]: 7f2b0aca0740 error: Main: Exception: resolve: Host not found (authoritative)
[2019-02-26 16:12:23]: 7f4651720740 info: Session: IP: 127.0.0.1: Starting A New Session...
[2019-02-26 16:12:23]: 7f4651720740 info: Server: Starting Acceptor...
[2019-02-26 16:12:23]: 7f4651720740 info: Main: Server Shut Down.
[2019-02-26 16:15:34]: 7f91b31b0740 info: Main: Starting Server...
[2019-02-26 16:15:34]: 7f91b31b0740 info: Main: Configuration Parsed Successfully.
[2019-02-26 16:15:34]: 7f0076f50740 info: Main: Starting Server...
[2019-02-26 16:15:34]: 7f91b31b0740 info: Main: Setting up Server on Port 5000...
[2019-02-26 16:15:34]: 7f0076f50740 info: Main: Configuration Parsed Successfully.
[2019-02-26 16:15:34]: 7f91b31b0740 info: Server: Starting Acceptor...
[2019-02-26 16:15:34]: 7f0076f50740 info: Main: Setting up Server on Port 8080...
[2019-02-26 16:15:34]: 7f0076f50740 info: Server: Starting Acceptor...
[2019-02-26 16:15:34]: 7f0076f50740 info: Session: IP: 127.0.0.1: Starting A New Session...
[2019-02-26 16:15:34]: 7f0076f50740 info: Server: Starting Acceptor...
[2019-02-26 16:15:34]: 7f0076f50740 error: Main: Exception: resolve: Host not found (authoritative)
[2019-02-26 16:15:34]: 7f91b31b0740 info: Session: IP: 127.0.0.1: Starting A New Session...
[2019-02-26 16:15:34]: 7f91b31b0740 info: Server: Starting Acceptor...
[2019-02-26 16:15:34]: 7f91b31b0740 info: Main: Server Shut Down.
[2019-02-26 21:37:45]: 7fc0329b0740 info: Main: Starting Server...
[2019-02-26 21:37:45]: 7fc0329b0740 info: Main: Configuration Parsed Successfully.
[2019-02-26 21:37:45]: 7fc0329b0740 info: Main: Setting up Server on Port 5000...
[2019-02-26 21:37:45]: 7fc0329b0740 info: Server: Starting Acceptor...
[2019-02-26 21:37:45]: 7fc0329b0740 info: Session: IP: 127.0.0.1: Starting A New Session...
[2019-02-26 21:37:45]: 7fc0329b0740 info: Server: Starting Acceptor...
[2019-02-26 21:37:46]: 7fc0329b0740 trace: EOF reached!
[2019-02-26 21:37:46]: 7fc0329b0740 info: Main: Server Shut Down.
[2019-02-26 21:38:11]: 7fbc02060740 info: Main: Starting Server...
[2019-02-26 21:38:11]: 7fbc02060740 info: Main: Configuration Parsed Successfully.
[2019-02-26 21:38:11]: 7fbc02060740 info: Main: Setting up Server on Port 5000...
[2019-02-26 21:38:11]: 7fbc02060740 info: Server: Starting Acceptor...
[2019-02-26 21:38:11]: 7fbc02060740 info: Session: IP: 127.0.0.1: Starting A New Session...
[2019-02-26 21:38:11]: 7fbc02060740 info: Server: Starting Acceptor...
[2019-02-26 21:38:11]: 7fbc02060740 trace: EOF reached!
[2019-02-26 21:38:12]: 7fbc02060740 info: Main: Server Shut Down.
[2019-02-26 21:38:32]: 7fe1912f0740 info: Main: Starting Server...
[2019-02-26 21:38:32]: 7fe1912f0740 info: Main: Configuration Parsed Successfully.
[2019-02-26 21:38:32]: 7fe1912f0740 info: Main: Setting up Server on Port 5000...
[2019-02-26 21:38:32]: 7fe1912f0740 info: Server: Starting Acceptor...
[2019-02-26 21:38:32]: 7fe1912f0740 info: Session: IP: 127.0.0.1: Starting A New Session...
[2019-02-26 21:38:32]: 7fe1912f0740 info: Server: Starting Acceptor...
[2019-02-26 21:38:32]: 7fe1912f0740 trace: EOF reached!
[2019-02-26 21:52:16]: 7f2ad76e0740 info: Main: Starting Server...
[2019-02-26 21:52:16]: 7f2ad76e0740 info: Main: Configuration Parsed Successfully.
[2019-02-26 21:52:16]: 7f2ad76e0740 info: Main: Setting up Server on Port 5000...
[2019-02-26 21:52:16]: 7f2ad76e0740 info: Server: Starting Acceptor...
[2019-02-26 21:52:16]: 7fe1912f0740 info: Session: IP: 127.0.0.1: Starting A New Session...
[2019-02-26 21:52:16]: 7fe1912f0740 info: Server: Starting Acceptor...
[2019-02-26 21:52:16]: 7fe1912f0740 trace: EOF reached!
[2019-02-26 21:52:17]: 7f2ad76e0740 info: Main: Server Shut Down.
[2019-02-26 21:52:17]: 7fe1912f0740 info: Main: Server Shut Down.
[2019-02-26 21:52:55]: 7fc089610740 info: Main: Starting Server...
[2019-02-26 21:52:55]: 7fc089610740 info: Main: Configuration Parsed Successfully.
[2019-02-26 21:52:55]: 7fc089610740 info: Main: Setting up Server on Port 5000...
[2019-02-26 21:52:55]: 7fc089610740 info: Server: Starting Acceptor...
[2019-02-26 21:52:55]: 7fc089610740 info: Session: IP: 127.0.0.1: Starting A New Session...
[2019-02-26 21:52:55]: 7fc089610740 info: Server: Starting Acceptor...
[2019-02-26 21:52:55]: 7fc089610740 trace: EOF reached!
[2019-02-26 21:52:56]: 7fc089610740 info: Main: Server Shut Down.
[2019-02-26 21:54:27]: 7f329a860740 info: Main: Starting Server...
[2019-02-26 21:54:27]: 7f329a860740 info: Main: Configuration Parsed Successfully.
[2019-02-26 21:54:27]: 7f329a860740 info: Main: Setting up Server on Port 5000...
[2019-02-26 21:54:27]: 7f329a860740 info: Server: Starting Acceptor...
[2019-02-26 21:54:27]: 7f329a860740 info: Session: IP: 127.0.0.1: Starting A New Session...
[2019-02-26 21:54:27]: 7f329a860740 info: Server: Starting Acceptor...
[2019-02-26 21:54:27]: 7f329a860740 trace: EOF reached!
[2019-02-26 21:54:27]: 7f329a860740 info: Main: Server Shut Down.
[2019-02-26 21:54:39]: 7fdb5a6b0740 info: Main: Starting Server...
[2019-02-26 21:54:39]: 7fdb5a6b0740 info: Main: Configuration Parsed Successfully.
[2019-02-26 21:54:39]: 7fdb5a6b0740 info: Main: Setting up Server on Port 5000...
[2019-02-26 21:54:39]: 7fdb5a6b0740 info: Server: Starting Acceptor...
[2019-02-26 21:54:39]: 7fdb5a6b0740 info: Session: IP: 127.0.0.1: Starting A New Session...
[2019-02-26 21:54:39]: 7fdb5a6b0740 info: Server: Starting Acceptor...
[2019-02-26 21:54:39]: 7fdb5a6b0740 trace: EOF reached!
[2019-02-26 21:54:40]: 7fdb5a6b0740 info: Main: Server Shut Down.
[2019-02-26 21:58:16]: 7f85ddad0740 info: Main: Starting Server...
[2019-02-26 21:58:16]: 7f85ddad0740 info: Main: Configuration Parsed Successfully.
[2019-02-26 21:58:16]: 7f85ddad0740 info: Main: Setting up Server on Port 5000...
[2019-02-26 21:58:16]: 7f85ddad0740 info: Server: Starting Acceptor...
[2019-02-26 21:58:16]: 7f85ddad0740 info: Session: IP: 127.0.0.1: Starting A New Session...
[2019-02-26 21:58:16]: 7f85ddad0740 info: Server: Starting Acceptor...
[2019-02-26 21:58:17]: 7f85ddad0740 trace: EOF reached!
[2019-02-26 21:58:17]: 7f85ddad0740 info: Main: Server Shut Down.
[2019-02-26 21:58:37]: 7f13bffa0740 info: Main: Starting Server...
[2019-02-26 21:58:37]: 7f13bffa0740 info: Main: Configuration Parsed Successfully.
[2019-02-26 21:58:37]: 7f13bffa0740 info: Main: Setting up Server on Port 5000...
[2019-02-26 21:58:37]: 7f13bffa0740 info: Server: Starting Acceptor...
[2019-02-26 21:58:37]: 7f13bffa0740 info: Session: IP: 127.0.0.1: Starting A New Session...
[2019-02-26 21:58:37]: 7f13bffa0740 info: Server: Starting Acceptor...
[2019-02-26 21:58:37]: 7f13bffa0740 trace: EOF reached!
[2019-02-26 21:58:37]: 7f13bffa0740 info: Main: Server Shut Down.
[2019-02-26 23:42:46]: 7f46b5fe0740 info: Main: Starting Server...
[2019-02-26 23:42:46]: 7f46b5fe0740 info: Main: Configuration Parsed Successfully.
[2019-02-26 23:42:46]: 7f46b5fe0740 info: Main: Setting up Server on Port 5000...
[2019-02-26 23:42:46]: 7f46b5fe0740 info: Server: Starting Acceptor...
[2019-02-26 23:42:46]: 7f46b5fe0740 info: Session: IP: 127.0.0.1: Starting A New Session...
[2019-02-26 23:42:46]: 7f46b5fe0740 info: Server: Starting Acceptor...
[2019-02-26 23:42:46]: 7f46b5fe0740 trace: EOF reached!
[2019-02-26 23:42:46]: 7f46b5fe0740 info: Main: Server Shut Down.
[2019-02-26 23:44:32]: 7fbfabb10740 info: Main: Starting Server...
[2019-02-26 23:44:32]: 7fbfabb10740 info: Main: Configuration Parsed Successfully.
[2019-02-26 23:44:32]: 7fbfabb10740 info: Main: Setting up Server on Port 5000...
[2019-02-26 23:44:32]: 7fbfabb10740 info: Server: Starting Acceptor...
[2019-02-26 23:44:32]: 7fbfabb10740 info: Session: IP: 127.0.0.1: Starting A New Session...
[2019-02-26 23:44:32]: 7fbfabb10740 info: Server: Starting Acceptor...
[2019-02-26 23:44:32]: 7fbfabb10740 trace: EOF reached!
[2019-02-26 23:44:33]: 7fbfabb10740 info: Main: Server Shut Down.
[2019-02-27 00:15:05]: 7ff0f8650740 info: Main: Starting Server...
[2019-02-27 00:15:05]: 7ff0f8650740 info: Main: Configuration Parsed Successfully.
[2019-02-27 00:15:05]: 7ff0f8650740 info: Main: Setting up Server on Port 5000...
[2019-02-27 00:15:05]: 7ff0f8650740 info: Server: Starting Acceptor...
[2019-02-27 00:15:05]: 7ff0f8650740 info: Session: IP: 127.0.0.1: Starting A New Session...
[2019-02-27 00:15:05]: 7ff0f8650740 info: Server: Starting Acceptor...
[2019-02-27 00:15:05]: 7ff0f8650740 trace: EOF reached!
[2019-02-27 00:15:06]: 7ff0f8650740 info: Main: Server Shut Down.
[2019-02-27 22:13:20]: 7fe8213d0740 info: Main: Starting Server...
[2019-02-27 22:13:20]: 7fe8213d0740 info: Main: Configuration Parsed Successfully.
[2019-02-27 22:13:20]: 7fe8213d0740 info: Main: Setting up Server on Port 5000...
[2019-02-27 22:13:20]: 7fe8213d0740 info: Server: Starting Acceptor...
[2019-02-27 22:13:20]: 7fe8213d0740 info: Session: IP: 127.0.0.1: Starting A New Session...
[2019-02-27 22:13:20]: 7fe8213d0740 info: Server: Starting Acceptor...
[2019-02-27 22:13:20]: 7fe8213d0740 trace: EOF reached!
[2019-02-27 22:13:20]: 7fe8213d0740 info: Main: Server Shut Down.
